<?xml version="1.0" encoding="UTF-8"?>
<testsuite xmlns:xsi="http://www.w3.org/2001/XMLSchema-instance" xsi:noNamespaceSchemaLocation="https://maven.apache.org/surefire/maven-surefire-plugin/xsd/surefire-test-report-3.0.xsd" version="3.0" name="TestClass" time="0.316" tests="16" errors="0" skipped="0" failures="0">
  <properties>
[...]
</properties>
  <testcase name="nullUri" classname="TestClass" time="0.092"/>
  <testcase name="documentStoreImplTest" classname="TestClass" time="0.128">
    <system-out><![CDATA[what am I doing at 11:30 at night
I feel that i'm close, but losing my might
the comp sci grind is pretty rough
i hope all the testing i did is enough
*snaps*
-199359154
]]></system-out>
  </testcase>
  <testcase name="workingDocumentBytes" classname="TestClass" time="0.008">
    <system-out><![CDATA[-877901680
]]></system-out>
  </testcase>
  <testcase name="nullByteArray" classname="TestClass" time="0.001"/>
  <testcase name="parametricUndo" classname="TestClass" time="0.018"/>
  <testcase name="undoTest" classname="TestClass" time="0.006">
    <system-out><![CDATA[what am I doing at 11:30 at night
I feel that i'm close, but losing my might
the comp sci grind is pretty rough
i hope all the testing i did is enough
*snaps*
]]></system-out>
  </testcase>
  <testcase name="hashTableTest" classname="TestClass" time="0.001"/>
  <testcase name="emptyByteArray" classname="TestClass" time="0.001"/>
  <testcase name="blankByteArray" classname="TestClass" time="0"/>
  <testcase name="workingDocumentStr" classname="TestClass" time="0">
    <system-out><![CDATA[-1050278567
]]></system-out>
  </testcase>
  <testcase name="documentBlankString" classname="TestClass" time="0.001"/>
  <testcase name="hashTableImplementResizeTest" classname="TestClass" time="0.011"/>
  <testcase name="hashCodeTest" classname="TestClass" time="0.001"/>
  <testcase name="documentBlankUri" classname="TestClass" time="0.001"/>
  <testcase name="stackImplTest" classname="TestClass" time="0"/>
  <testcase name="nullString" classname="TestClass" time="0.001"/>
</testsuite>